<?xml version="1.0" encoding="UTF-8"?>
<!-- Generated by org.testng.reporters.JUnitReportReporter -->
<testsuite ignored="0" hostname="LAPTOP-EVD333TJ" failures="0" tests="1" name="SeleniumFrameworkDesign.Tests.SubmitOrderTest" time="12.822" errors="0" timestamp="24 Jun 2024 15:54:36 GMT" skipped="0">
  <testcase classname="SeleniumFrameworkDesign.Tests.SubmitOrderTest" name="submitOrder" time="12.822"/>
</testsuite> <!-- SeleniumFrameworkDesign.Tests.SubmitOrderTest -->
