<?xml version="1.0" encoding="UTF-8"?>
<!-- Generated by org.testng.reporters.JUnitReportReporter -->
<testsuite ignored="0" hostname="LAPTOP-EVD333TJ" failures="0" tests="1" name="MyProjects.SeleniumFrameworkDesign.StandAloneTest" time="5.758" errors="0" timestamp="26 May 2024 04:05:21 GMT" skipped="0">
  <testcase classname="MyProjects.SeleniumFrameworkDesign.StandAloneTest" name="myMethod" time="5.758"/>
</testsuite> <!-- MyProjects.SeleniumFrameworkDesign.StandAloneTest -->
