<?xml version="1.0" encoding="UTF-8"?>
<!-- Generated by org.testng.reporters.JUnitReportReporter -->
<testsuite ignored="0" hostname="LAPTOP-EVD333TJ" failures="0" tests="1" name="SeleniumFrameworkDesign.Tests.StandAloneTest" time="16.208" errors="0" timestamp="26 Jun 2024 07:34:09 GMT" skipped="0">
  <testcase classname="SeleniumFrameworkDesign.Tests.StandAloneTest" name="myMethod" time="16.208"/>
</testsuite> <!-- SeleniumFrameworkDesign.Tests.StandAloneTest -->
